2016/04/06 12:44:26 [warning] [application] Failed to set unsafe attribute "verifyCode" of "LoginForm".
in /Users/Vincent/www/wxy/protected/modules/admin/controllers/LoginController.php (29)
in /Users/Vincent/www/wxy/index.php (13)
2016/04/06 12:44:26 [error] [exception.CDbException] exception 'CDbException' with message 'CDbConnection failed to open the DB connection: SQLSTATE[HY000] [2002] No such file or directory' in /Users/Vincent/www/wxy/framework/db/CDbConnection.php:382
Stack trace:
#0 /Users/Vincent/www/wxy/framework/db/CDbConnection.php(330): CDbConnection->open()
#1 /Users/Vincent/www/wxy/framework/db/CDbConnection.php(308): CDbConnection->setActive(true)
#2 /Users/Vincent/www/wxy/framework/base/CModule.php(387): CDbConnection->init()
#3 /Users/Vincent/www/wxy/framework/base/CApplication.php(450): CModule->getComponent('db')
#4 /Users/Vincent/www/wxy/framework/db/ar/CActiveRecord.php(634): CApplication->getDb()
#5 /Users/Vincent/www/wxy/framework/db/ar/CActiveRecord.php(1428): CActiveRecord->getDbConnection()
#6 /Users/Vincent/www/wxy/framework/db/ar/CActiveRecord.php(1517): CActiveRecord->getTableAlias(true)
#7 /Users/Vincent/www/wxy/protected/modules/admin/components/UserIdentity.php(21): CActiveRecord->findByAttributes(Array)
#8 /Users/Vincent/www/wxy/protected/modules/admin/models/LoginForm.php(52): UserIdentity->authenticate()
#9 /Users/Vincent/www/wxy/framework/validators/CInlineValidator.php(42): LoginForm->authenticate('password', Array)
#10 /Users/Vincent/www/wxy/framework/validators/CValidator.php(213): CInlineValidator->validateAttribute(Object(LoginForm), 'password')
#11 /Users/Vincent/www/wxy/framework/base/CModel.php(159): CValidator->validate(Object(LoginForm), NULL)
#12 /Users/Vincent/www/wxy/protected/modules/admin/controllers/LoginController.php(30): CModel->validate()
#13 /Users/Vincent/www/wxy/framework/web/actions/CInlineAction.php(49): LoginController->actionLogin()
#14 /Users/Vincent/www/wxy/framework/web/CController.php(308): CInlineAction->runWithParams(Array)
#15 /Users/Vincent/www/wxy/framework/web/CController.php(286): CController->runAction(Object(CInlineAction))
#16 /Users/Vincent/www/wxy/framework/web/CController.php(265): CController->runActionWithFilters(Object(CInlineAction), Array)
#17 /Users/Vincent/www/wxy/framework/web/CWebApplication.php(282): CController->run('login')
#18 /Users/Vincent/www/wxy/framework/web/CWebApplication.php(141): CWebApplication->runController('admin/login/log...')
#19 /Users/Vincent/www/wxy/framework/base/CApplication.php(180): CWebApplication->processRequest()
#20 /Users/Vincent/www/wxy/index.php(13): CApplication->run()
#21 {main}
REQUEST_URI=/admin/login/login
HTTP_REFERER=http://wxy.com/admin/login/index
---
2016/04/06 14:05:35 [warning] [application] Failed to set unsafe attribute "verifyCode" of "LoginForm".
in /Users/Vincent/www/wxy/protected/modules/admin/controllers/LoginController.php (29)
in /Users/Vincent/www/wxy/index.php (13)
2016/04/06 14:11:59 [error] [php] Undefined variable: note (/Users/Vincent/www/wxy/protected/views/login/index.php:30)
Stack trace:
#0 /Users/Vincent/www/wxy/framework/web/CController.php(869): LoginController->renderFile()
#1 /Users/Vincent/www/wxy/protected/controllers/LoginController.php(5): LoginController->renderPartial()
#2 /Users/Vincent/www/wxy/framework/web/actions/CInlineAction.php(49): LoginController->actionIndex()
#3 /Users/Vincent/www/wxy/framework/web/CController.php(308): CInlineAction->runWithParams()
#4 /Users/Vincent/www/wxy/framework/web/CController.php(286): LoginController->runAction()
#5 /Users/Vincent/www/wxy/framework/web/CController.php(265): LoginController->runActionWithFilters()
#6 /Users/Vincent/www/wxy/framework/web/CWebApplication.php(282): LoginController->run()
#7 /Users/Vincent/www/wxy/framework/web/CWebApplication.php(141): CWebApplication->runController()
#8 /Users/Vincent/www/wxy/framework/base/CApplication.php(180): CWebApplication->processRequest()
#9 /Users/Vincent/www/wxy/index.php(13): CWebApplication->run()
REQUEST_URI=/login/index
in /Users/Vincent/www/wxy/protected/views/login/index.php (30)
in /Users/Vincent/www/wxy/protected/controllers/LoginController.php (5)
in /Users/Vincent/www/wxy/index.php (13)
2016/04/06 18:40:11 [error] [exception.CException] exception 'CException' with message 'Property "User.openid" is not defined.' in /Users/Vincent/www/wxy/framework/base/CComponent.php:173
Stack trace:
#0 /Users/Vincent/www/wxy/framework/web/auth/CWebUser.php(160): CComponent->__set('openid', 'oo6dDwidTLaxYda...')
#1 /Users/Vincent/www/wxy/protected/controllers/LoginController.php(31): CWebUser->__set('openid', 'oo6dDwidTLaxYda...')
#2 /Users/Vincent/www/wxy/framework/web/actions/CInlineAction.php(49): LoginController->actionWechat()
#3 /Users/Vincent/www/wxy/framework/web/CController.php(308): CInlineAction->runWithParams(Array)
#4 /Users/Vincent/www/wxy/framework/web/CController.php(286): CController->runAction(Object(CInlineAction))
#5 /Users/Vincent/www/wxy/framework/web/CController.php(265): CController->runActionWithFilters(Object(CInlineAction), Array)
#6 /Users/Vincent/www/wxy/framework/web/CWebApplication.php(282): CController->run('wechat')
#7 /Users/Vincent/www/wxy/framework/web/CWebApplication.php(141): CWebApplication->runController('login/wechat')
#8 /Users/Vincent/www/wxy/framework/base/CApplication.php(180): CWebApplication->processRequest()
#9 /Users/Vincent/www/wxy/index.php(13): CApplication->run()
#10 {main}
REQUEST_URI=/login/wechat?code=001e820eccbbf33e8abce845f02261df&state=123
---
2016/04/06 18:40:58 [error] [exception.CException] exception 'CException' with message 'Property "User.openid" is not defined.' in /Users/Vincent/www/wxy/framework/base/CComponent.php:173
Stack trace:
#0 /Users/Vincent/www/wxy/framework/web/auth/CWebUser.php(160): CComponent->__set('openid', 'oo6dDwidTLaxYda...')
#1 /Users/Vincent/www/wxy/protected/controllers/LoginController.php(31): CWebUser->__set('openid', 'oo6dDwidTLaxYda...')
#2 /Users/Vincent/www/wxy/framework/web/actions/CInlineAction.php(49): LoginController->actionWechat()
#3 /Users/Vincent/www/wxy/framework/web/CController.php(308): CInlineAction->runWithParams(Array)
#4 /Users/Vincent/www/wxy/framework/web/CController.php(286): CController->runAction(Object(CInlineAction))
#5 /Users/Vincent/www/wxy/framework/web/CController.php(265): CController->runActionWithFilters(Object(CInlineAction), Array)
#6 /Users/Vincent/www/wxy/framework/web/CWebApplication.php(282): CController->run('wechat')
#7 /Users/Vincent/www/wxy/framework/web/CWebApplication.php(141): CWebApplication->runController('login/wechat')
#8 /Users/Vincent/www/wxy/framework/base/CApplication.php(180): CWebApplication->processRequest()
#9 /Users/Vincent/www/wxy/index.php(13): CApplication->run()
#10 {main}
REQUEST_URI=/login/wechat?code=021e757c54d630bcb85f1a0084b3164t&state=123
---
2016/04/06 18:42:50 [error] [exception.CException] exception 'CException' with message 'Property "User.openid" is not defined.' in /Users/Vincent/www/wxy/framework/base/CComponent.php:173
Stack trace:
#0 /Users/Vincent/www/wxy/framework/web/auth/CWebUser.php(160): CComponent->__set('openid', 'oo6dDwidTLaxYda...')
#1 /Users/Vincent/www/wxy/protected/controllers/LoginController.php(33): CWebUser->__set('openid', 'oo6dDwidTLaxYda...')
#2 /Users/Vincent/www/wxy/framework/web/actions/CInlineAction.php(49): LoginController->actionWechat()
#3 /Users/Vincent/www/wxy/framework/web/CController.php(308): CInlineAction->runWithParams(Array)
#4 /Users/Vincent/www/wxy/framework/web/CController.php(286): CController->runAction(Object(CInlineAction))
#5 /Users/Vincent/www/wxy/framework/web/CController.php(265): CController->runActionWithFilters(Object(CInlineAction), Array)
#6 /Users/Vincent/www/wxy/framework/web/CWebApplication.php(282): CController->run('wechat')
#7 /Users/Vincent/www/wxy/framework/web/CWebApplication.php(141): CWebApplication->runController('login/wechat')
#8 /Users/Vincent/www/wxy/framework/base/CApplication.php(180): CWebApplication->processRequest()
#9 /Users/Vincent/www/wxy/index.php(13): CApplication->run()
#10 {main}
REQUEST_URI=/login/wechat?code=04116b71b80695ed2d6ae8afe29bed4v&state=123
---
2016/04/06 18:43:18 [error] [exception.CException] exception 'CException' with message 'Property "User.openid" is not defined.' in /Users/Vincent/www/wxy/framework/base/CComponent.php:173
Stack trace:
#0 /Users/Vincent/www/wxy/framework/web/auth/CWebUser.php(160): CComponent->__set('openid', 'oo6dDwidTLaxYda...')
#1 /Users/Vincent/www/wxy/protected/controllers/LoginController.php(31): CWebUser->__set('openid', 'oo6dDwidTLaxYda...')
#2 /Users/Vincent/www/wxy/framework/web/actions/CInlineAction.php(49): LoginController->actionWechat()
#3 /Users/Vincent/www/wxy/framework/web/CController.php(308): CInlineAction->runWithParams(Array)
#4 /Users/Vincent/www/wxy/framework/web/CController.php(286): CController->runAction(Object(CInlineAction))
#5 /Users/Vincent/www/wxy/framework/web/CController.php(265): CController->runActionWithFilters(Object(CInlineAction), Array)
#6 /Users/Vincent/www/wxy/framework/web/CWebApplication.php(282): CController->run('wechat')
#7 /Users/Vincent/www/wxy/framework/web/CWebApplication.php(141): CWebApplication->runController('login/wechat')
#8 /Users/Vincent/www/wxy/framework/base/CApplication.php(180): CWebApplication->processRequest()
#9 /Users/Vincent/www/wxy/index.php(13): CApplication->run()
#10 {main}
REQUEST_URI=/login/wechat?code=011541a7250edab1461266728f31fd4Z&state=123
---
2016/04/06 18:45:07 [error] [exception.CException] exception 'CException' with message 'Property "User.username" is not defined.' in /Users/Vincent/www/wxy/framework/base/CComponent.php:130
Stack trace:
#0 /Users/Vincent/www/wxy/framework/web/auth/CWebUser.php(146): CComponent->__get('username')
#1 /Users/Vincent/www/wxy/protected/components/User.php(19): CWebUser->__get('username')
#2 /Users/Vincent/www/wxy/protected/controllers/BlogController.php(6): User->__get('username')
#3 /Users/Vincent/www/wxy/framework/web/actions/CInlineAction.php(49): BlogController->actionIndex()
#4 /Users/Vincent/www/wxy/framework/web/CController.php(308): CInlineAction->runWithParams(Array)
#5 /Users/Vincent/www/wxy/framework/web/CController.php(286): CController->runAction(Object(CInlineAction))
#6 /Users/Vincent/www/wxy/framework/web/CController.php(265): CController->runActionWithFilters(Object(CInlineAction), Array)
#7 /Users/Vincent/www/wxy/framework/web/CWebApplication.php(282): CController->run('index')
#8 /Users/Vincent/www/wxy/framework/web/CWebApplication.php(141): CWebApplication->runController('blog/index')
#9 /Users/Vincent/www/wxy/framework/base/CApplication.php(180): CWebApplication->processRequest()
#10 /Users/Vincent/www/wxy/index.php(13): CApplication->run()
#11 {main}
REQUEST_URI=/blog/index/1
---
2016/04/06 18:46:49 [error] [exception.CException] exception 'CException' with message 'Property "User.username" is not defined.' in /Users/Vincent/www/wxy/framework/base/CComponent.php:130
Stack trace:
#0 /Users/Vincent/www/wxy/framework/web/auth/CWebUser.php(146): CComponent->__get('username')
#1 /Users/Vincent/www/wxy/protected/components/User.php(19): CWebUser->__get('username')
#2 /Users/Vincent/www/wxy/protected/controllers/LoginController.php(6): User->__get('username')
#3 /Users/Vincent/www/wxy/framework/web/actions/CInlineAction.php(49): LoginController->actionIndex()
#4 /Users/Vincent/www/wxy/framework/web/CController.php(308): CInlineAction->runWithParams(Array)
#5 /Users/Vincent/www/wxy/framework/web/CController.php(286): CController->runAction(Object(CInlineAction))
#6 /Users/Vincent/www/wxy/framework/web/CController.php(265): CController->runActionWithFilters(Object(CInlineAction), Array)
#7 /Users/Vincent/www/wxy/framework/web/CWebApplication.php(282): CController->run('index')
#8 /Users/Vincent/www/wxy/framework/web/CWebApplication.php(141): CWebApplication->runController('login/index')
#9 /Users/Vincent/www/wxy/framework/base/CApplication.php(180): CWebApplication->processRequest()
#10 /Users/Vincent/www/wxy/index.php(13): CApplication->run()
#11 {main}
REQUEST_URI=/login/index
---
2016/04/06 18:47:09 [error] [exception.CException] exception 'CException' with message 'Property "User.username" is not defined.' in /Users/Vincent/www/wxy/framework/base/CComponent.php:130
Stack trace:
#0 /Users/Vincent/www/wxy/framework/web/auth/CWebUser.php(146): CComponent->__get('username')
#1 /Users/Vincent/www/wxy/protected/components/User.php(19): CWebUser->__get('username')
#2 /Users/Vincent/www/wxy/protected/controllers/LoginController.php(6): User->__get('username')
#3 /Users/Vincent/www/wxy/framework/web/actions/CInlineAction.php(49): LoginController->actionIndex()
#4 /Users/Vincent/www/wxy/framework/web/CController.php(308): CInlineAction->runWithParams(Array)
#5 /Users/Vincent/www/wxy/framework/web/CController.php(286): CController->runAction(Object(CInlineAction))
#6 /Users/Vincent/www/wxy/framework/web/CController.php(265): CController->runActionWithFilters(Object(CInlineAction), Array)
#7 /Users/Vincent/www/wxy/framework/web/CWebApplication.php(282): CController->run('index')
#8 /Users/Vincent/www/wxy/framework/web/CWebApplication.php(141): CWebApplication->runController('login/index')
#9 /Users/Vincent/www/wxy/framework/base/CApplication.php(180): CWebApplication->processRequest()
#10 /Users/Vincent/www/wxy/index.php(13): CApplication->run()
#11 {main}
REQUEST_URI=/login/index
---
